 2009-01-01 16:03:33   ImportManner¼üµÄÖµÊÇ£ºmanual
 2009-01-01 16:03:33   ÈÕÖ¾Ä¿Â¼µÄÖµÊÇ£ºD:\java\traffic\
 2009-01-01 16:05:34   ImportManner¼üµÄÖµÊÇ£ºmanual
 2009-01-01 17:14:48   ImportManner¼üµÄÖµÊÇ£ºmanual
 2009-01-01 17:14:48   ÈÕÖ¾Ä¿Â¼µÄÖµÊÇ£ºD:\java\traffic\
 2009-01-01 17:35:34   ImportManner¼üµÄÖµÊÇ£ºmanual
 2009-01-01 17:35:34   ÈÕÖ¾Ä¿Â¼µÄÖµÊÇ£ºD:\java\traffic\
 2009-01-01 19:19:02   ImportManner¼üµÄÖµÊÇ£ºmanual
 2009-01-01 19:19:02   ÈÕÖ¾Ä¿Â¼µÄÖµÊÇ£ºD:\java\traffic\
 2009-01-01 19:19:04   ImportManner¼üµÄÖµÊÇ£ºmanual
 2015-08-29 16:05:52   ImportManner¼üµÄÖµÊÇ£ºmanual
 2015-08-29 16:05:52   ÈÕÖ¾Ä¿Â¼µÄÖµÊÇ£ºD:\java\traffic\
 2015-08-29 16:05:54   ImportManner¼üµÄÖµÊÇ£ºmanual
 2015-08-29 16:19:42   ImportManner¼üµÄÖµÊÇ£ºmanual
 2015-08-29 16:19:46   ÈÕÖ¾Ä¿Â¼µÄÖµÊÇ£ºD:\java\traffic\
 2015-08-29 16:19:50   ImportManner¼üµÄÖµÊÇ£ºhour
 2015-08-29 16:19:53   ÈÕÖ¾Ä¿Â¼µÄÖµÊÇ£ºD:\java\traffic\
 2014-08-31 16:21:01   ImportManner¼üµÄÖµÊÇ£ºhour
 2014-08-31 16:21:04   ÈÕÖ¾Ä¿Â¼µÄÖµÊÇ£ºD:\java\traffic\
 2014-08-31 16:21:08   Õâ¸ö¶«¶«Ò»Ö±ÔÚÖ´ĞĞ£¬5ÃëÖÓÒ»´Î°¡£¡
 2014-08-31 16:21:08   ImportManner¼üµÄÖµÊÇ£ºhour
 2014-08-31 16:21:09   ImportManner¼üµÄÖµÊÇ£ºhour
 2014-08-31 16:23:16   ImportManner¼üµÄÖµÊÇ£ºhour
 2014-08-31 16:23:16   ÈÕÖ¾Ä¿Â¼µÄÖµÊÇ£ºD:\java\traffic\
 2014-08-31 16:23:25   ImportManner¼üµÄÖµÊÇ£ºhour
 2014-08-31 16:23:26   ÈÕÖ¾Ä¿Â¼µÄÖµÊÇ£ºD:\java\traffic\
 2014-08-31 16:23:27   ImportManner¼üµÄÖµÊÇ£ºhour
 2014-08-31 16:23:31   Õâ¸ö¶«¶«Ò»Ö±ÔÚÖ´ĞĞ£¬5ÃëÖÓÒ»´Î°¡£¡
 2014-08-31 16:23:31   ImportManner¼üµÄÖµÊÇ£ºhour
 2014-08-31 16:23:31   ImportManner¼üµÄÖµÊÇ£ºhour
 2014-08-31 16:23:34   ImportManner¼üµÄÖµÊÇ£ºhour
 2014-08-31 16:23:38   ImportManner¼üµÄÖµÊÇ£ºhour
 2014-08-31 16:24:16   ImportManner¼üµÄÖµÊÇ£ºhour
 2014-08-31 16:24:16   ÈÕÖ¾Ä¿Â¼µÄÖµÊÇ£ºD:\java\traffic\
 2014-08-31 16:24:21   Õâ¸ö¶«¶«Ò»Ö±ÔÚÖ´ĞĞ£¬5ÃëÖÓÒ»´Î°¡£¡
 2014-08-31 16:24:21   ImportManner¼üµÄÖµÊÇ£ºhour
 2014-08-31 16:24:21   ImportManner¼üµÄÖµÊÇ£ºhour
 2014-08-31 16:24:54   ImportManner¼üµÄÖµÊÇ£ºhour
 2014-08-31 16:24:54   ÈÕÖ¾Ä¿Â¼µÄÖµÊÇ£ºD:\java\traffic\
 2014-08-31 16:24:59   Õâ¸ö¶«¶«Ò»Ö±ÔÚÖ´ĞĞ£¬5ÃëÖÓÒ»´Î°¡£¡
 2014-08-31 16:24:59   ImportManner¼üµÄÖµÊÇ£ºhour
 2014-08-31 16:25:00   ImportManner¼üµÄÖµÊÇ£ºhour
 2014-08-31 16:35:42   ImportMannerï¿½ï¿½ï¿½ï¿½Öµï¿½Ç£ï¿½hour
 2014-08-31 16:35:42   ï¿½ï¿½Ö¾Ä¿Â¼ï¿½ï¿½Öµï¿½Ç£ï¿½D:\java\traffic\
 2014-08-31 16:35:47   ï¿½ï¿½ï¿½ï¿½ï¿½ï¿½ï¿½Ò»Ö±ï¿½ï¿½Ö´ï¿½Ğ£ï¿½5ï¿½ï¿½ï¿½ï¿½Ò»ï¿½Î°ï¿½ï¿½ï¿½
 2014-08-31 16:35:47   ImportMannerï¿½ï¿½ï¿½ï¿½Öµï¿½Ç£ï¿½hour
 2014-08-31 16:35:48   ImportMannerï¿½ï¿½ï¿½ï¿½Öµï¿½Ç£ï¿½hour
 2014-08-31 16:36:07   ImportManner¼üµÄÖµÊÇ£ºhour
 2014-08-31 16:36:07   ÈÕÖ¾Ä¿Â¼µÄÖµÊÇ£ºD:\java\traffic\
 2014-08-31 16:36:12   Õâ¸ö¶«¶«Ò»Ö±ÔÚÖ´ĞĞ£¬5ÃëÖÓÒ»´Î°¡£¡
 2014-08-31 16:36:12   ImportManner¼üµÄÖµÊÇ£ºhour
 2014-08-31 16:36:13   ImportManner¼üµÄÖµÊÇ£ºhour
 2014-08-31 16:38:04   ImportManner¼üµÄÖµÊÇ£ºhour
 2014-08-31 16:38:04   ÈÕÖ¾Ä¿Â¼µÄÖµÊÇ£ºD:\java\traffic\
 2014-08-31 16:38:09   Õâ¸ö¶«¶«Ò»Ö±ÔÚÖ´ĞĞ£¬5ÃëÖÓÒ»´Î°¡£¡
 2014-08-31 16:38:09   ImportManner¼üµÄÖµÊÇ£ºhour
 2014-08-31 16:38:10   ImportManner¼üµÄÖµÊÇ£ºhour
 2014-08-31 16:38:41   ImportManner¼üµÄÖµÊÇ£ºhour
 2014-08-31 16:38:41   ÈÕÖ¾Ä¿Â¼µÄÖµÊÇ£ºD:\java\traffic\
 2014-08-31 16:38:46   Õâ¸ö¶«¶«Ò»Ö±ÔÚÖ´ĞĞ£¬5ÃëÖÓÒ»´Î°¡£¡
 2014-08-31 16:38:46   ImportManner¼üµÄÖµÊÇ£ºhour
 2014-08-31 16:38:46   ImportManner¼üµÄÖµÊÇ£ºhour
 2014-08-31 16:41:21   ImportMannerï¿½ï¿½ï¿½ï¿½Öµï¿½Ç£ï¿½hour
 2014-08-31 16:41:21   ï¿½ï¿½Ö¾Ä¿Â¼ï¿½ï¿½Öµï¿½Ç£ï¿½D:\java\traffic\
 2014-08-31 16:41:26   ï¿½ï¿½ï¿½ï¿½ï¿½ï¿½ï¿½Ò»Ö±ï¿½ï¿½Ö´ï¿½Ğ£ï¿½5ï¿½ï¿½ï¿½ï¿½Ò»ï¿½Î°ï¿½ï¿½ï¿½
 2014-08-31 16:41:26   ImportMannerï¿½ï¿½ï¿½ï¿½Öµï¿½Ç£ï¿½hour
 2014-08-31 16:41:27   ImportMannerï¿½ï¿½ï¿½ï¿½Öµï¿½Ç£ï¿½hour
 2014-08-31 16:46:30   ImportManner¼üµÄÖµÊÇ£ºhour
 2014-08-31 16:46:31   ÈÕÖ¾Ä¿Â¼µÄÖµÊÇ£ºD:\java\traffic\
 2014-08-31 16:46:35   Õâ¸ö¶«¶«Ò»Ö±ÔÚÖ´ĞĞ£¬5ÃëÖÓÒ»´Î°¡£¡
 2014-08-31 16:46:35   ImportManner¼üµÄÖµÊÇ£ºhour
 2014-08-31 16:46:36   ImportManner¼üµÄÖµÊÇ£ºhour
 2014-08-31 16:48:31   ImportManner¼üµÄÖµÊÇ£ºhour
 2014-08-31 16:48:31   ÈÕÖ¾Ä¿Â¼µÄÖµÊÇ£ºD:\java\traffic\
 2014-08-31 16:48:50   ImportManner¼üµÄÖµÊÇ£ºhour
 2014-08-31 16:48:50   ÈÕÖ¾Ä¿Â¼µÄÖµÊÇ£ºD:\java\traffic\
 2014-08-31 16:48:55   Õâ¸ö¶«¶«Ò»Ö±ÔÚÖ´ĞĞ£¬5ÃëÖÓÒ»´Î°¡£¡
 2014-08-31 16:48:55   ImportManner¼üµÄÖµÊÇ£ºhour
 2014-08-31 16:48:56   ImportManner¼üµÄÖµÊÇ£ºhour
 2014-08-31 16:53:46   ImportManner¼üµÄÖµÊÇ£ºhour
 2014-08-31 16:53:46   ÈÕÖ¾Ä¿Â¼µÄÖµÊÇ£ºD:\java\traffic\
 2014-08-31 16:53:51   Õâ¸ö¶«¶«Ò»Ö±ÔÚÖ´ĞĞ£¬5ÃëÖÓÒ»´Î°¡£¡
 2014-08-31 16:53:51   ImportManner¼üµÄÖµÊÇ£ºhour
 2014-08-31 16:53:52   ImportManner¼üµÄÖµÊÇ£ºhour
 2014-08-31 16:59:46   ImportManner¼üµÄÖµÊÇ£ºhour
 2014-08-31 16:59:46   ÈÕÖ¾Ä¿Â¼µÄÖµÊÇ£ºD:\java\traffic\
 2014-08-31 16:59:52   Õâ¸ö¶«¶«Ò»Ö±ÔÚÖ´ĞĞ£¬5ÃëÖÓÒ»´Î°¡£¡
 2014-08-31 16:59:52   ImportManner¼üµÄÖµÊÇ£ºhour
 2014-08-31 16:59:53   ImportManner¼üµÄÖµÊÇ£ºhour
 2014-08-31 17:00:43   ImportManner¼üµÄÖµÊÇ£ºhour
 2014-08-31 17:00:43   ÈÕÖ¾Ä¿Â¼µÄÖµÊÇ£ºD:\java\traffic\
 2014-08-31 17:01:22   ImportManner¼üµÄÖµÊÇ£ºhour
 2014-08-31 17:01:23   ÈÕÖ¾Ä¿Â¼µÄÖµÊÇ£ºD:\java\traffic\
 2014-08-31 17:01:53   ImportManner¼üµÄÖµÊÇ£ºmanual
 2014-08-31 17:01:53   ÈÕÖ¾Ä¿Â¼µÄÖµÊÇ£ºD:\java\traffic\
 2014-08-31 17:04:33   ImportManner¼üµÄÖµÊÇ£ºmanual
 2014-08-31 17:04:33   ÈÕÖ¾Ä¿Â¼µÄÖµÊÇ£ºD:\java\traffic\
 2014-08-31 17:04:36   ImportManner¼üµÄÖµÊÇ£ºmanual
 2014-08-31 17:12:33   ImportManner¼üµÄÖµÊÇ£ºmanual
 2014-08-31 17:12:33   ÈÕÖ¾Ä¿Â¼µÄÖµÊÇ£ºD:\java\traffic\
 2014-08-31 17:12:35   ImportManner¼üµÄÖµÊÇ£ºmanual
 2014-08-31 17:13:45   ImportManner¼üµÄÖµÊÇ£ºmanual
 2014-08-31 17:13:45   ÈÕÖ¾Ä¿Â¼µÄÖµÊÇ£ºD:\java\traffic\
 2014-08-31 17:14:47   ImportManner¼üµÄÖµÊÇ£ºmanual
 2014-08-31 17:14:47   ÈÕÖ¾Ä¿Â¼µÄÖµÊÇ£ºD:\java\traffic\
 2014-08-31 17:15:49   ImportManner¼üµÄÖµÊÇ£ºmanual
 2014-08-31 17:15:50   ÈÕÖ¾Ä¿Â¼µÄÖµÊÇ£ºD:\java\traffic\
 2014-08-31 17:18:27   ImportManner¼üµÄÖµÊÇ£ºmanual
 2014-08-31 17:18:27   ÈÕÖ¾Ä¿Â¼µÄÖµÊÇ£ºD:\java\traffic\
 2014-08-31 17:19:00   ImportManner¼üµÄÖµÊÇ£ºmanual
 2014-08-31 17:19:00   ÈÕÖ¾Ä¿Â¼µÄÖµÊÇ£ºD:\java\traffic\
 2014-08-31 17:19:45   ImportManner¼üµÄÖµÊÇ£ºmanual
 2014-08-31 17:19:45   ÈÕÖ¾Ä¿Â¼µÄÖµÊÇ£ºD:\java\traffic\
 2014-08-31 17:20:54   ImportManner¼üµÄÖµÊÇ£ºmanual
 2014-08-31 17:20:54   ÈÕÖ¾Ä¿Â¼µÄÖµÊÇ£ºD:\java\traffic\
 2014-08-31 17:21:27   ImportManner¼üµÄÖµÊÇ£ºmanual
 2014-08-31 17:21:27   ÈÕÖ¾Ä¿Â¼µÄÖµÊÇ£ºD:\java\traffic\
 2014-08-31 17:21:33   ImportManner¼üµÄÖµÊÇ£ºmanual
 2014-08-31 17:21:36   ÈÕÖ¾Ä¿Â¼µÄÖµÊÇ£ºD:\java\traffic\
 2014-08-31 17:21:38   ImportManner¼üµÄÖµÊÇ£ºday
 2014-08-31 17:21:41   ImportManner¼üµÄÖµÊÇ£ºday
 2014-08-31 17:21:44   ImportManner¼üµÄÖµÊÇ£ºday
 2014-08-31 17:21:47   ImportManner¼üµÄÖµÊÇ£ºday
 2014-08-31 17:22:01   ImportManner¼üµÄÖµÊÇ£ºday
 2014-08-31 17:22:01   ÈÕÖ¾Ä¿Â¼µÄÖµÊÇ£ºD:\java\traffic\
 2014-08-31 17:22:03   ImportManner¼üµÄÖµÊÇ£ºday
 2014-08-31 17:22:07   ImportManner¼üµÄÖµÊÇ£ºday
 2014-08-31 17:22:13   ImportManner¼üµÄÖµÊÇ£ºday
 2014-08-31 17:22:15   ÈÕÖ¾Ä¿Â¼µÄÖµÊÇ£ºD:\java\traffic\
 2014-08-31 17:22:21   Õâ¸ö¶«¶«Ò»Ö±ÔÚÖ´ĞĞ£¬5ÃëÖÓÒ»´Î°¡£¡
 2014-08-31 17:22:21   ImportManner¼üµÄÖµÊÇ£ºhour
 2014-08-31 17:22:21   ImportManner¼üµÄÖµÊÇ£ºhour
 2014-08-31 17:22:22   ImportManner¼üµÄÖµÊÇ£ºhour
 2014-08-31 17:22:53   ImportManner¼üµÄÖµÊÇ£ºhour
 2014-08-31 17:23:12   ImportManner¼üµÄÖµÊÇ£ºhour
 2014-08-31 17:23:20   ImportManner¼üµÄÖµÊÇ£ºhour
 2014-08-31 17:25:26   ImportManner¼üµÄÖµÊÇ£ºhour
 2014-08-31 17:25:26   ÈÕÖ¾Ä¿Â¼µÄÖµÊÇ£ºD:\java\traffic\
 2014-08-31 17:25:29   ImportManner¼üµÄÖµÊÇ£ºhour
 2014-08-31 17:25:31   Õâ¸ö¶«¶«Ò»Ö±ÔÚÖ´ĞĞ£¬5ÃëÖÓÒ»´Î°¡£¡
 2014-08-31 17:25:31   ImportManner¼üµÄÖµÊÇ£ºhour
 2014-08-31 17:25:32   ImportManner¼üµÄÖµÊÇ£ºhour
 2014-08-31 17:26:08   ImportManner¼üµÄÖµÊÇ£ºhour
 2015-04-15 17:30:40   Ğ´Èë±êÌâ³É¹¦
 2015-04-15 17:30:40   Ğ´ÈëÄÚÈİ³É¹¦
 2015-04-15 17:30:41   Êı¾İ³É¹¦Ğ´ÈëExcel
 2015-04-15 17:30:42   Ğ´Èë±êÌâ³É¹¦
 2015-04-15 17:30:42   Ğ´ÈëÄÚÈİ³É¹¦
 2015-04-15 17:30:43   Êı¾İ³É¹¦Ğ´ÈëExcel
 2015-04-15 17:30:46   Ğ´Èë±êÌâ³É¹¦
 2015-04-15 17:30:46   Ğ´ÈëÄÚÈİ³É¹¦
 2015-04-15 17:30:46   Êı¾İ³É¹¦Ğ´ÈëExcel
 2015-04-15 18:12:54   ImportManner¼üµÄÖµÊÇ£ºhour
 2015-04-15 18:12:54   ÈÕÖ¾Ä¿Â¼µÄÖµÊÇ£ºD:\java\traffic\
 2015-04-15 18:12:56   ImportManner¼üµÄÖµÊÇ£ºhour
 2015-04-15 16:13:10   ImportManner¼üµÄÖµÊÇ£ºhour
 2015-04-15 16:13:11   ImportManner¼üµÄÖµÊÇ£ºhour
 2014-09-02 16:13:35   ImportManner¼üµÄÖµÊÇ£ºhour
 2014-09-02 16:13:36   ImportManner¼üµÄÖµÊÇ£ºhour
 2014-09-02 16:13:42   ImportManner¼üµÄÖµÊÇ£ºhour
 2014-09-02 16:15:14   ImportManner¼üµÄÖµÊÇ£ºhour
 2014-09-02 16:15:14   ÈÕÖ¾Ä¿Â¼µÄÖµÊÇ£ºD:\java\traffic\
 2014-09-02 16:15:21   Õâ¸ö¶«¶«Ò»Ö±ÔÚÖ´ĞĞ£¬5ÃëÖÓÒ»´Î°¡£¡
 2014-09-02 16:15:21   ImportManner¼üµÄÖµÊÇ£ºhour
 2014-09-02 16:15:21   ImportManner¼üµÄÖµÊÇ£ºhour
 2015-10-05 17:35:55   ImportManner¼üµÄÖµÊÇ£ºhour
 2015-10-05 17:35:55   ÈÕÖ¾Ä¿Â¼µÄÖµÊÇ£ºD:\java\traffic\
 2015-10-05 18:34:46   ImportManner¼üµÄÖµÊÇ£ºhour
 2015-10-05 18:34:46   ÈÕÖ¾Ä¿Â¼µÄÖµÊÇ£ºD:\java\traffic\
 2015-10-27 16:26:25   ImportManner¼üµÄÖµÊÇ£ºhour
 2015-10-27 16:26:25   ÈÕÖ¾Ä¿Â¼µÄÖµÊÇ£ºD:\java\traffic\
 2015-10-27 16:26:34   ImportManner¼üµÄÖµÊÇ£ºhour
 2015-10-27 16:33:25   ImportManner¼üµÄÖµÊÇ£ºhour
 2015-10-27 16:33:25   ÈÕÖ¾Ä¿Â¼µÄÖµÊÇ£ºD:\java\traffic\
 2015-10-27 16:37:54   ImportManner¼üµÄÖµÊÇ£ºhour
 2015-10-27 16:37:54   ÈÕÖ¾Ä¿Â¼µÄÖµÊÇ£ºD:\java\traffic\
 2015-10-27 16:42:22   ImportManner¼üµÄÖµÊÇ£ºhour
 2015-10-27 16:42:23   ÈÕÖ¾Ä¿Â¼µÄÖµÊÇ£ºD:\java\traffic\
 2015-10-27 17:22:07   ImportManner¼üµÄÖµÊÇ£ºhour
 2015-10-27 17:22:07   ÈÕÖ¾Ä¿Â¼µÄÖµÊÇ£ºD:\java\traffic\
 2015-10-27 17:47:24   ImportManner¼üµÄÖµÊÇ£ºhour
 2015-10-27 17:47:24   ÈÕÖ¾Ä¿Â¼µÄÖµÊÇ£ºD:\java\traffic\
 2015-10-27 20:31:38   ImportManner¼üµÄÖµÊÇ£ºhour
 2015-10-27 20:31:38   ÈÕÖ¾Ä¿Â¼µÄÖµÊÇ£ºD:\java\traffic\
 2015-10-27 20:32:19   ImportManner¼üµÄÖµÊÇ£ºhour
 2015-10-27 20:32:19   ÈÕÖ¾Ä¿Â¼µÄÖµÊÇ£ºD:\java\traffic\
 2015-10-27 21:03:22   ImportManner¼üµÄÖµÊÇ£ºhour
 2015-10-27 21:03:22   ÈÕÖ¾Ä¿Â¼µÄÖµÊÇ£ºD:\java\traffic\
 2014-08-29 21:05:38   ImportManner¼üµÄÖµÊÇ£ºhour
 2014-08-29 21:05:54   ImportManner¼üµÄÖµÊÇ£ºhour
 2014-08-29 21:05:54   ÈÕÖ¾Ä¿Â¼µÄÖµÊÇ£ºD:\java\traffic\
 2014-08-29 21:05:56   ImportManner¼üµÄÖµÊÇ£ºhour
